<?xml version="1.0" encoding="UTF-8"?>
<!-- Generated by org.testng.reporters.JUnitXMLReporter -->
<testsuite ignored="4" hostname="DESKTOP-DL1SV8R" failures="0" tests="1" name="Default test" time="4.297" errors="0" timestamp="2025-12-10T00:05:10 IST">
  <testcase classname="authentication.typesOfAuthentication" name="verifyAPIKeyAuthentication" time="4.269"/>
  <testcase classname="authentication.typesOfAuthentication" name="verifyDigest" time="0.0">
    <ignored/>
  </testcase> <!-- verifyDigest -->
  <testcase classname="authentication.typesOfAuthentication" name="verifyBearerTokenAuthentication" time="0.0">
    <ignored/>
  </testcase> <!-- verifyBearerTokenAuthentication -->
  <testcase classname="authentication.typesOfAuthentication" name="verifyBasicAuth_preemptive" time="0.0">
    <ignored/>
  </testcase> <!-- verifyBasicAuth_preemptive -->
  <testcase classname="authentication.typesOfAuthentication" name="verifyBasicAuth" time="0.0">
    <ignored/>
  </testcase> <!-- verifyBasicAuth -->
</testsuite> <!-- Default test -->
