<?xml version="1.0" encoding="UTF-8"?>
<testng-results ignored="0" total="1" passed="1" failed="0" skipped="0">
  <reporter-output>
  </reporter-output>
  <suite started-at="2025-12-10T00:05:05 IST" name="Default suite" finished-at="2025-12-10T00:05:10 IST" duration-ms="4297">
    <groups>
    </groups>
    <test started-at="2025-12-10T00:05:05 IST" name="Default test" finished-at="2025-12-10T00:05:10 IST" duration-ms="4297">
      <class name="authentication.typesOfAuthentication">
        <test-method signature="verifyAPIKeyAuthentication()[pri:0, instance:authentication.typesOfAuthentication@16293aa2]" started-at="2025-12-10T00:05:05 IST" name="verifyAPIKeyAuthentication" finished-at="2025-12-10T00:05:10 IST" duration-ms="4269" status="PASS">
          <reporter-output>
          </reporter-output>
        </test-method> <!-- verifyAPIKeyAuthentication -->
      </class> <!-- authentication.typesOfAuthentication -->
    </test> <!-- Default test -->
  </suite> <!-- Default suite -->
</testng-results>
