<?xml version="1.0" encoding="UTF-8"?>
<testng-results ignored="0" total="1" passed="1" failed="0" skipped="0">
  <reporter-output>
  </reporter-output>
  <suite started-at="2025-12-16T13:53:03 IST" name="Default suite" finished-at="2025-12-16T13:53:04 IST" duration-ms="1115">
    <groups>
    </groups>
    <test started-at="2025-12-16T13:53:03 IST" name="Default test" finished-at="2025-12-16T13:53:04 IST" duration-ms="1115">
      <class name="Req_Res_Specification.Reusability">
        <test-method is-config="true" signature="setUp()[pri:0, instance:Req_Res_Specification.Reusability@f6efaab]" started-at="2025-12-16T13:53:03 IST" name="setUp" finished-at="2025-12-16T13:53:03 IST" duration-ms="408" status="PASS">
          <reporter-output>
          </reporter-output>
        </test-method> <!-- setUp -->
        <test-method signature="getAllEmployees()[pri:0, instance:Req_Res_Specification.Reusability@f6efaab]" started-at="2025-12-16T13:53:03 IST" name="getAllEmployees" finished-at="2025-12-16T13:53:04 IST" duration-ms="679" status="PASS">
          <reporter-output>
          </reporter-output>
        </test-method> <!-- getAllEmployees -->
      </class> <!-- Req_Res_Specification.Reusability -->
    </test> <!-- Default test -->
  </suite> <!-- Default suite -->
</testng-results>
