<?xml version="1.0" encoding="UTF-8"?>
<!-- Generated by org.testng.reporters.JUnitReportReporter -->
<testsuite hostname="DESKTOP-DL1SV8R" failures="0" tests="5" name="authentication.typesOfAuthentication" time="4.269" errors="0" timestamp="2025-12-10T00:05:10 IST" skipped="4">
  <testcase classname="authentication.typesOfAuthentication" name="verifyAPIKeyAuthentication" time="4.269"/>
  <testcase classname="authentication.typesOfAuthentication" name="verifyDigest">
    <skipped/>
  </testcase> <!-- verifyDigest -->
  <testcase classname="authentication.typesOfAuthentication" name="verifyBearerTokenAuthentication">
    <skipped/>
  </testcase> <!-- verifyBearerTokenAuthentication -->
  <testcase classname="authentication.typesOfAuthentication" name="verifyBasicAuth_preemptive">
    <skipped/>
  </testcase> <!-- verifyBasicAuth_preemptive -->
  <testcase classname="authentication.typesOfAuthentication" name="verifyBasicAuth">
    <skipped/>
  </testcase> <!-- verifyBasicAuth -->
</testsuite> <!-- authentication.typesOfAuthentication -->
