<?xml version="1.0" encoding="UTF-8"?>
<!-- Generated by org.testng.reporters.JUnitReportReporter -->
<testsuite hostname="DESKTOP-DL1SV8R" failures="0" tests="3" name="Fileupload_download.Upload_Download" time="1.225" errors="0" timestamp="2025-12-10T11:13:14 IST" skipped="2">
  <testcase classname="Fileupload_download.Upload_Download" name="fileUploadMultiple" time="1.225"/>
  <testcase classname="Fileupload_download.Upload_Download" name="fileDownload">
    <skipped/>
  </testcase> <!-- fileDownload -->
  <testcase classname="Fileupload_download.Upload_Download" name="fileUpload">
    <skipped/>
  </testcase> <!-- fileUpload -->
</testsuite> <!-- Fileupload_download.Upload_Download -->
