<?xml version="1.0" encoding="UTF-8"?>
<!-- Generated by org.testng.reporters.JUnitReportReporter -->
<testsuite hostname="DESKTOP-DL1SV8R" failures="0" tests="4" name="APIChaining.chainingAPIS" time="19.573" errors="0" timestamp="2025-12-14T09:51:22 IST" skipped="0">
  <testcase classname="APIChaining.chainingAPIS" name="updateUser" time="4.282"/>
  <testcase classname="APIChaining.chainingAPIS" name="deleteUser" time="3.382"/>
  <testcase classname="APIChaining.chainingAPIS" name="getUser" time="1.995"/>
  <testcase classname="APIChaining.chainingAPIS" name="createUser" time="9.914"/>
</testsuite> <!-- APIChaining.chainingAPIS -->
