<?xml version="1.0" encoding="UTF-8"?>
<!-- Generated by org.testng.reporters.JUnitReportReporter -->
<testsuite hostname="DESKTOP-DL1SV8R" failures="0" tests="2" name="Serilazation_Deserialization.Serialization_deserialization_example" time="1.879" errors="0" timestamp="2025-12-16T11:54:43 IST" skipped="0">
  <testcase classname="Serilazation_Deserialization.Serialization_deserialization_example" name="testDeserialization" time="0.065"/>
  <testcase classname="Serilazation_Deserialization.Serialization_deserialization_example" name="testserialization" time="1.814"/>
</testsuite> <!-- Serilazation_Deserialization.Serialization_deserialization_example -->
