<?xml version="1.0" encoding="UTF-8"?>
<!-- Generated by org.testng.reporters.JUnitReportReporter -->
<testsuite hostname="DESKTOP-DL1SV8R" failures="0" tests="4" name="CreatingPayload.PostRequestBodyExamples" time="1.802" errors="0" timestamp="2025-12-09T16:22:28 IST" skipped="1">
  <testcase classname="CreatingPayload.PostRequestBodyExamples" name="createRequestBodyUsingJsonLibrary" time="0.042"/>
  <testcase classname="CreatingPayload.PostRequestBodyExamples" name="CreateStudentPojoClass" time="1.720"/>
  <testcase classname="CreatingPayload.PostRequestBodyExamples" name="CreateStudentUsingExternalFile" time="0.040"/>
  <testcase classname="CreatingPayload.PostRequestBodyExamples" name="createStudentsUsingHashMap">
    <skipped/>
  </testcase> <!-- createStudentsUsingHashMap -->
</testsuite> <!-- CreatingPayload.PostRequestBodyExamples -->
