<?xml version="1.0" encoding="UTF-8"?>
<!-- Generated by org.testng.reporters.JUnitReportReporter -->
<testsuite hostname="DESKTOP-DL1SV8R" failures="0" tests="4" name="httpsmethods.Httpmethods" time="4.547" errors="0" timestamp="2025-12-06T17:23:30 IST" skipped="0">
  <testcase classname="httpsmethods.Httpmethods" name="getUsers" time="2.642"/>
  <testcase classname="httpsmethods.Httpmethods" name="post" time="0.904"/>
  <testcase classname="httpsmethods.Httpmethods" name="updateUser" time="0.660"/>
  <testcase classname="httpsmethods.Httpmethods" name="deleteUser" time="0.341"/>
</testsuite> <!-- httpsmethods.Httpmethods -->
