<?xml version="1.0" encoding="UTF-8"?>
<!-- Generated by org.testng.reporters.JUnitReportReporter -->
<testsuite hostname="DESKTOP-DL1SV8R" failures="0" tests="2" name="httpsmethods.PostRequestBodyExamples" time="1.088" errors="0" timestamp="2025-12-09T15:36:14 IST" skipped="1">
  <testcase classname="httpsmethods.PostRequestBodyExamples" name="createRequestBodyUsingJsonLibrary" time="1.088"/>
  <testcase classname="httpsmethods.PostRequestBodyExamples" name="createStudentsUsingHashMap">
    <skipped/>
  </testcase> <!-- createStudentsUsingHashMap -->
</testsuite> <!-- httpsmethods.PostRequestBodyExamples -->
